****                   ADMIXTURE Version 1.3.0                  ****
****                    Copyright 2008-2015                     ****
****           David Alexander, Suyash Shringarpure,            ****
****                John  Novembre, Ken Lange                   ****
****                                                            ****
****                 Please cite our paper!                     ****
****   Information at www.genetics.ucla.edu/software/admixture  ****

Cross-validation will be performed.  Folds=5.
Random seed: 43
Point estimation method: Block relaxation algorithm
Convergence acceleration algorithm: QuasiNewton, 3 secant conditions
Point estimation will terminate when objective function delta < 0.0001
Estimation of standard errors disabled; will compute point estimates only.
Size of G: 98x27163
Performing five EM steps to prime main algorithm
1 (EM) 	Elapsed: 0.593	Loglikelihood: -2.22876e+06	(delta): 1.39808e+06
2 (EM) 	Elapsed: 0.588	Loglikelihood: -2.13451e+06	(delta): 94248.4
3 (EM) 	Elapsed: 0.588	Loglikelihood: -2.10823e+06	(delta): 26287.3
4 (EM) 	Elapsed: 0.589	Loglikelihood: -2.08796e+06	(delta): 20265.2
5 (EM) 	Elapsed: 0.588	Loglikelihood: -2.06821e+06	(delta): 19750.7
Initial loglikelihood: -2.06821e+06
Starting main algorithm
1 (QN/Block) 	Elapsed: 1.426	Loglikelihood: -1.74254e+06	(delta): 325672
2 (QN/Block) 	Elapsed: 1.415	Loglikelihood: -1.67287e+06	(delta): 69671.9
3 (QN/Block) 	Elapsed: 1.548	Loglikelihood: -1.63219e+06	(delta): 40674.9
4 (QN/Block) 	Elapsed: 1.49	Loglikelihood: -1.61052e+06	(delta): 21668.5
5 (QN/Block) 	Elapsed: 1.491	Loglikelihood: -1.59499e+06	(delta): 15537.1
6 (QN/Block) 	Elapsed: 1.484	Loglikelihood: -1.58902e+06	(delta): 5964.98
7 (QN/Block) 	Elapsed: 1.485	Loglikelihood: -1.58606e+06	(delta): 2962.71
8 (QN/Block) 	Elapsed: 1.485	Loglikelihood: -1.5846e+06	(delta): 1461.43
9 (QN/Block) 	Elapsed: 1.485	Loglikelihood: -1.58434e+06	(delta): 262.526
10 (QN/Block) 	Elapsed: 1.482	Loglikelihood: -1.5843e+06	(delta): 39.078
11 (QN/Block) 	Elapsed: 1.486	Loglikelihood: -1.58427e+06	(delta): 22.6849
12 (QN/Block) 	Elapsed: 1.481	Loglikelihood: -1.58426e+06	(delta): 10.5168
13 (QN/Block) 	Elapsed: 1.486	Loglikelihood: -1.58426e+06	(delta): 4.3448
14 (QN/Block) 	Elapsed: 1.482	Loglikelihood: -1.58426e+06	(delta): 2.33291
15 (QN/Block) 	Elapsed: 1.485	Loglikelihood: -1.58426e+06	(delta): 1.64567
16 (QN/Block) 	Elapsed: 1.482	Loglikelihood: -1.58425e+06	(delta): 0.789642
17 (QN/Block) 	Elapsed: 1.484	Loglikelihood: -1.58425e+06	(delta): 0.34612
18 (QN/Block) 	Elapsed: 1.485	Loglikelihood: -1.58425e+06	(delta): 0.081957
19 (QN/Block) 	Elapsed: 1.484	Loglikelihood: -1.58425e+06	(delta): 0.145094
20 (QN/Block) 	Elapsed: 1.482	Loglikelihood: -1.58425e+06	(delta): 0.00609489
21 (QN/Block) 	Elapsed: 1.486	Loglikelihood: -1.58425e+06	(delta): 0.00410402
22 (QN/Block) 	Elapsed: 1.482	Loglikelihood: -1.58425e+06	(delta): 0.000840947
23 (QN/Block) 	Elapsed: 1.484	Loglikelihood: -1.58425e+06	(delta): 0.000104839
24 (QN/Block) 	Elapsed: 1.482	Loglikelihood: -1.58425e+06	(delta): 1.80458e-05
Summary: 
Converged in 24 iterations (39.873 sec)
Loglikelihood: -1584253.788845
Fst divergences between estimated populations: 
	Pop0	Pop1	Pop2	Pop3	Pop4	Pop5	Pop6	Pop7	Pop8	
Pop0	
Pop1	0.297	
Pop2	0.266	0.285	
Pop3	0.295	0.263	0.291	
Pop4	0.293	0.339	0.285	0.287	
Pop5	0.370	0.387	0.334	0.379	0.228	
Pop6	0.352	0.224	0.338	0.329	0.419	0.466	
Pop7	0.323	0.287	0.285	0.318	0.338	0.356	0.337	
Pop8	0.321	0.360	0.302	0.329	0.179	0.158	0.426	0.349	
Pop9	0.372	0.414	0.379	0.393	0.264	0.281	0.481	0.397	0.246	
CV error (K=10): 0.48136
Writing output files.
