****                   ADMIXTURE Version 1.3.0                  ****
****                    Copyright 2008-2015                     ****
****           David Alexander, Suyash Shringarpure,            ****
****                John  Novembre, Ken Lange                   ****
****                                                            ****
****                 Please cite our paper!                     ****
****   Information at www.genetics.ucla.edu/software/admixture  ****

Cross-validation will be performed.  Folds=5.
Random seed: 43
Point estimation method: Block relaxation algorithm
Convergence acceleration algorithm: QuasiNewton, 3 secant conditions
Point estimation will terminate when objective function delta < 0.0001
Estimation of standard errors disabled; will compute point estimates only.
Size of G: 98x27163
Performing five EM steps to prime main algorithm
1 (EM) 	Elapsed: 0.077	Loglikelihood: -2.2155e+06	(delta): 2.07699e+06
2 (EM) 	Elapsed: 0.08	Loglikelihood: -2.14438e+06	(delta): 71117.5
3 (EM) 	Elapsed: 0.081	Loglikelihood: -2.12609e+06	(delta): 18291
4 (EM) 	Elapsed: 0.08	Loglikelihood: -2.11726e+06	(delta): 8834.29
5 (EM) 	Elapsed: 0.077	Loglikelihood: -2.11245e+06	(delta): 4807.21
Initial loglikelihood: -2.11245e+06
Starting main algorithm
1 (QN/Block) 	Elapsed: 0.219	Loglikelihood: -1.96333e+06	(delta): 149118
2 (QN/Block) 	Elapsed: 0.22	Loglikelihood: -1.90858e+06	(delta): 54754
3 (QN/Block) 	Elapsed: 0.271	Loglikelihood: -1.88218e+06	(delta): 26400.4
4 (QN/Block) 	Elapsed: 0.3	Loglikelihood: -1.86791e+06	(delta): 14269.1
5 (QN/Block) 	Elapsed: 0.318	Loglikelihood: -1.86033e+06	(delta): 7581.94
6 (QN/Block) 	Elapsed: 0.317	Loglikelihood: -1.85923e+06	(delta): 1093.06
7 (QN/Block) 	Elapsed: 0.262	Loglikelihood: -1.85916e+06	(delta): 72.6636
8 (QN/Block) 	Elapsed: 0.317	Loglikelihood: -1.85916e+06	(delta): 0.94033
9 (QN/Block) 	Elapsed: 0.26	Loglikelihood: -1.85916e+06	(delta): 0.0912329
10 (QN/Block) 	Elapsed: 0.279	Loglikelihood: -1.85916e+06	(delta): 1.54839e-05
Summary: 
Converged in 10 iterations (3.513 sec)
Loglikelihood: -1859158.435767
Fst divergences between estimated populations: 
	Pop0	
Pop0	
Pop1	0.265	
CV error (K=2): 0.44279
Writing output files.
