****                   ADMIXTURE Version 1.3.0                  ****
****                    Copyright 2008-2015                     ****
****           David Alexander, Suyash Shringarpure,            ****
****                John  Novembre, Ken Lange                   ****
****                                                            ****
****                 Please cite our paper!                     ****
****   Information at www.genetics.ucla.edu/software/admixture  ****

Cross-validation will be performed.  Folds=5.
Random seed: 43
Point estimation method: Block relaxation algorithm
Convergence acceleration algorithm: QuasiNewton, 3 secant conditions
Point estimation will terminate when objective function delta < 0.0001
Estimation of standard errors disabled; will compute point estimates only.
Size of G: 98x27163
Performing five EM steps to prime main algorithm
1 (EM) 	Elapsed: 0.122	Loglikelihood: -2.2389e+06	(delta): 1.77344e+06
2 (EM) 	Elapsed: 0.123	Loglikelihood: -2.15147e+06	(delta): 87431.3
3 (EM) 	Elapsed: 0.121	Loglikelihood: -2.1245e+06	(delta): 26966.5
4 (EM) 	Elapsed: 0.121	Loglikelihood: -2.1077e+06	(delta): 16802.9
5 (EM) 	Elapsed: 0.12	Loglikelihood: -2.09451e+06	(delta): 13187.7
Initial loglikelihood: -2.09451e+06
Starting main algorithm
1 (QN/Block) 	Elapsed: 0.318	Loglikelihood: -1.88046e+06	(delta): 214049
2 (QN/Block) 	Elapsed: 0.318	Loglikelihood: -1.8397e+06	(delta): 40755.7
3 (QN/Block) 	Elapsed: 0.369	Loglikelihood: -1.81699e+06	(delta): 22714.6
4 (QN/Block) 	Elapsed: 0.368	Loglikelihood: -1.80575e+06	(delta): 11239.8
5 (QN/Block) 	Elapsed: 0.387	Loglikelihood: -1.80279e+06	(delta): 2955.6
6 (QN/Block) 	Elapsed: 0.367	Loglikelihood: -1.80094e+06	(delta): 1852.03
7 (QN/Block) 	Elapsed: 0.429	Loglikelihood: -1.80007e+06	(delta): 873.299
8 (QN/Block) 	Elapsed: 0.389	Loglikelihood: -1.80005e+06	(delta): 17.6878
9 (QN/Block) 	Elapsed: 0.366	Loglikelihood: -1.80005e+06	(delta): 2.35324
10 (QN/Block) 	Elapsed: 0.407	Loglikelihood: -1.80005e+06	(delta): 0.412909
11 (QN/Block) 	Elapsed: 0.407	Loglikelihood: -1.80005e+06	(delta): 0.0665796
12 (QN/Block) 	Elapsed: 0.428	Loglikelihood: -1.80005e+06	(delta): 0.0388142
13 (QN/Block) 	Elapsed: 0.365	Loglikelihood: -1.80005e+06	(delta): 0.0467124
14 (QN/Block) 	Elapsed: 0.366	Loglikelihood: -1.80005e+06	(delta): 0.0126155
15 (QN/Block) 	Elapsed: 0.41	Loglikelihood: -1.80005e+06	(delta): 0.000362389
16 (QN/Block) 	Elapsed: 0.365	Loglikelihood: -1.80005e+06	(delta): 1.05062e-05
Summary: 
Converged in 16 iterations (7.185 sec)
Loglikelihood: -1800048.315131
Fst divergences between estimated populations: 
	Pop0	Pop1	
Pop0	
Pop1	0.318	
Pop2	0.175	0.317	
CV error (K=3): 0.42683
Writing output files.
