****                   ADMIXTURE Version 1.3.0                  ****
****                    Copyright 2008-2015                     ****
****           David Alexander, Suyash Shringarpure,            ****
****                John  Novembre, Ken Lange                   ****
****                                                            ****
****                 Please cite our paper!                     ****
****   Information at www.genetics.ucla.edu/software/admixture  ****

Cross-validation will be performed.  Folds=5.
Random seed: 43
Point estimation method: Block relaxation algorithm
Convergence acceleration algorithm: QuasiNewton, 3 secant conditions
Point estimation will terminate when objective function delta < 0.0001
Estimation of standard errors disabled; will compute point estimates only.
Size of G: 98x27163
Performing five EM steps to prime main algorithm
1 (EM) 	Elapsed: 0.216	Loglikelihood: -2.24414e+06	(delta): 1.54048e+06
2 (EM) 	Elapsed: 0.216	Loglikelihood: -2.15499e+06	(delta): 89149.9
3 (EM) 	Elapsed: 0.216	Loglikelihood: -2.12968e+06	(delta): 25312.1
4 (EM) 	Elapsed: 0.216	Loglikelihood: -2.11355e+06	(delta): 16137
5 (EM) 	Elapsed: 0.216	Loglikelihood: -2.10076e+06	(delta): 12787.4
Initial loglikelihood: -2.10076e+06
Starting main algorithm
1 (QN/Block) 	Elapsed: 0.575	Loglikelihood: -1.84187e+06	(delta): 258887
2 (QN/Block) 	Elapsed: 0.575	Loglikelihood: -1.77684e+06	(delta): 65036
3 (QN/Block) 	Elapsed: 0.65	Loglikelihood: -1.75171e+06	(delta): 25129.1
4 (QN/Block) 	Elapsed: 0.639	Loglikelihood: -1.7375e+06	(delta): 14210.8
5 (QN/Block) 	Elapsed: 0.665	Loglikelihood: -1.72776e+06	(delta): 9740.41
6 (QN/Block) 	Elapsed: 0.725	Loglikelihood: -1.72432e+06	(delta): 3440.34
7 (QN/Block) 	Elapsed: 0.702	Loglikelihood: -1.72362e+06	(delta): 692.941
8 (QN/Block) 	Elapsed: 0.641	Loglikelihood: -1.72324e+06	(delta): 379.063
9 (QN/Block) 	Elapsed: 0.689	Loglikelihood: -1.72304e+06	(delta): 205.695
10 (QN/Block) 	Elapsed: 0.721	Loglikelihood: -1.7229e+06	(delta): 134.674
11 (QN/Block) 	Elapsed: 0.717	Loglikelihood: -1.72278e+06	(delta): 126.609
12 (QN/Block) 	Elapsed: 0.715	Loglikelihood: -1.72234e+06	(delta): 433.385
13 (QN/Block) 	Elapsed: 0.714	Loglikelihood: -1.7218e+06	(delta): 544.628
14 (QN/Block) 	Elapsed: 0.645	Loglikelihood: -1.72142e+06	(delta): 381.041
15 (QN/Block) 	Elapsed: 0.645	Loglikelihood: -1.72115e+06	(delta): 266.623
16 (QN/Block) 	Elapsed: 0.66	Loglikelihood: -1.72068e+06	(delta): 468.405
17 (QN/Block) 	Elapsed: 0.634	Loglikelihood: -1.72023e+06	(delta): 450.404
18 (QN/Block) 	Elapsed: 0.635	Loglikelihood: -1.72017e+06	(delta): 60.31
19 (QN/Block) 	Elapsed: 0.637	Loglikelihood: -1.72014e+06	(delta): 29.7746
20 (QN/Block) 	Elapsed: 0.647	Loglikelihood: -1.72013e+06	(delta): 12.6469
21 (QN/Block) 	Elapsed: 0.646	Loglikelihood: -1.72013e+06	(delta): 2.14392
22 (QN/Block) 	Elapsed: 0.634	Loglikelihood: -1.72013e+06	(delta): 0.985215
23 (QN/Block) 	Elapsed: 0.645	Loglikelihood: -1.72013e+06	(delta): 0.530279
24 (QN/Block) 	Elapsed: 0.636	Loglikelihood: -1.72012e+06	(delta): 0.810911
25 (QN/Block) 	Elapsed: 0.645	Loglikelihood: -1.72012e+06	(delta): 0.464876
26 (QN/Block) 	Elapsed: 0.636	Loglikelihood: -1.72012e+06	(delta): 0.784145
27 (QN/Block) 	Elapsed: 0.637	Loglikelihood: -1.72012e+06	(delta): 1.82361
28 (QN/Block) 	Elapsed: 0.716	Loglikelihood: -1.72012e+06	(delta): 1.27996
29 (QN/Block) 	Elapsed: 0.714	Loglikelihood: -1.72012e+06	(delta): 1.85361
30 (QN/Block) 	Elapsed: 0.714	Loglikelihood: -1.72012e+06	(delta): 2.58302
31 (QN/Block) 	Elapsed: 0.723	Loglikelihood: -1.72011e+06	(delta): 3.97991
32 (QN/Block) 	Elapsed: 0.723	Loglikelihood: -1.72011e+06	(delta): 6.05372
33 (QN/Block) 	Elapsed: 0.712	Loglikelihood: -1.7201e+06	(delta): 7.32271
34 (QN/Block) 	Elapsed: 0.725	Loglikelihood: -1.72009e+06	(delta): 10.1261
35 (QN/Block) 	Elapsed: 0.723	Loglikelihood: -1.72008e+06	(delta): 10.0886
36 (QN/Block) 	Elapsed: 0.718	Loglikelihood: -1.72008e+06	(delta): 1.84351
37 (QN/Block) 	Elapsed: 0.714	Loglikelihood: -1.72008e+06	(delta): 0.573799
38 (QN/Block) 	Elapsed: 0.637	Loglikelihood: -1.72008e+06	(delta): 0.525601
39 (QN/Block) 	Elapsed: 0.638	Loglikelihood: -1.72007e+06	(delta): 0.900447
40 (QN/Block) 	Elapsed: 0.638	Loglikelihood: -1.72007e+06	(delta): 0.0461598
41 (QN/Block) 	Elapsed: 0.648	Loglikelihood: -1.72007e+06	(delta): 0.0136672
42 (QN/Block) 	Elapsed: 0.636	Loglikelihood: -1.72007e+06	(delta): 0.00411033
43 (QN/Block) 	Elapsed: 0.647	Loglikelihood: -1.72007e+06	(delta): 0.000942684
44 (QN/Block) 	Elapsed: 0.639	Loglikelihood: -1.72007e+06	(delta): 8.25457e-05
Summary: 
Converged in 44 iterations (31.829 sec)
Loglikelihood: -1720074.405980
Fst divergences between estimated populations: 
	Pop0	Pop1	Pop2	Pop3	
Pop0	
Pop1	0.192	
Pop2	0.311	0.325	
Pop3	0.270	0.282	0.228	
Pop4	0.361	0.376	0.231	0.246	
CV error (K=5): 0.43442
Writing output files.
