****                   ADMIXTURE Version 1.3.0                  ****
****                    Copyright 2008-2015                     ****
****           David Alexander, Suyash Shringarpure,            ****
****                John  Novembre, Ken Lange                   ****
****                                                            ****
****                 Please cite our paper!                     ****
****   Information at www.genetics.ucla.edu/software/admixture  ****

Cross-validation will be performed.  Folds=5.
Random seed: 43
Point estimation method: Block relaxation algorithm
Convergence acceleration algorithm: QuasiNewton, 3 secant conditions
Point estimation will terminate when objective function delta < 0.0001
Estimation of standard errors disabled; will compute point estimates only.
Size of G: 98x27163
Performing five EM steps to prime main algorithm
1 (EM) 	Elapsed: 0.284	Loglikelihood: -2.24035e+06	(delta): 1.49853e+06
2 (EM) 	Elapsed: 0.283	Loglikelihood: -2.14814e+06	(delta): 92212.9
3 (EM) 	Elapsed: 0.284	Loglikelihood: -2.12002e+06	(delta): 28112.5
4 (EM) 	Elapsed: 0.284	Loglikelihood: -2.10001e+06	(delta): 20015
5 (EM) 	Elapsed: 0.283	Loglikelihood: -2.08222e+06	(delta): 17789.5
Initial loglikelihood: -2.08222e+06
Starting main algorithm
1 (QN/Block) 	Elapsed: 0.703	Loglikelihood: -1.80107e+06	(delta): 281151
2 (QN/Block) 	Elapsed: 0.704	Loglikelihood: -1.73998e+06	(delta): 61083.6
3 (QN/Block) 	Elapsed: 0.805	Loglikelihood: -1.71008e+06	(delta): 29902.7
4 (QN/Block) 	Elapsed: 0.775	Loglikelihood: -1.69613e+06	(delta): 13954.7
5 (QN/Block) 	Elapsed: 0.767	Loglikelihood: -1.69075e+06	(delta): 5378.94
6 (QN/Block) 	Elapsed: 0.764	Loglikelihood: -1.68929e+06	(delta): 1456.21
7 (QN/Block) 	Elapsed: 0.793	Loglikelihood: -1.68883e+06	(delta): 464.475
8 (QN/Block) 	Elapsed: 0.794	Loglikelihood: -1.68819e+06	(delta): 640.166
9 (QN/Block) 	Elapsed: 0.835	Loglikelihood: -1.68785e+06	(delta): 337.823
10 (QN/Block) 	Elapsed: 0.766	Loglikelihood: -1.68767e+06	(delta): 173.533
11 (QN/Block) 	Elapsed: 0.765	Loglikelihood: -1.68762e+06	(delta): 51.7786
12 (QN/Block) 	Elapsed: 0.766	Loglikelihood: -1.6876e+06	(delta): 20.4527
13 (QN/Block) 	Elapsed: 0.764	Loglikelihood: -1.6876e+06	(delta): 7.57433
14 (QN/Block) 	Elapsed: 0.767	Loglikelihood: -1.68759e+06	(delta): 3.37918
15 (QN/Block) 	Elapsed: 0.85	Loglikelihood: -1.68759e+06	(delta): 5.07042
16 (QN/Block) 	Elapsed: 0.766	Loglikelihood: -1.68759e+06	(delta): 0.205642
17 (QN/Block) 	Elapsed: 0.763	Loglikelihood: -1.68759e+06	(delta): 0.105789
18 (QN/Block) 	Elapsed: 0.765	Loglikelihood: -1.68759e+06	(delta): 0.0334329
19 (QN/Block) 	Elapsed: 0.763	Loglikelihood: -1.68759e+06	(delta): 0.00268689
20 (QN/Block) 	Elapsed: 0.766	Loglikelihood: -1.68759e+06	(delta): 0.000862067
21 (QN/Block) 	Elapsed: 0.764	Loglikelihood: -1.68759e+06	(delta): 0.000130074
22 (QN/Block) 	Elapsed: 0.765	Loglikelihood: -1.68759e+06	(delta): 2.0026e-05
Summary: 
Converged in 22 iterations (19.26 sec)
Loglikelihood: -1687586.389271
Fst divergences between estimated populations: 
	Pop0	Pop1	Pop2	Pop3	Pop4	
Pop0	
Pop1	0.278	
Pop2	0.355	0.269	
Pop3	0.423	0.346	0.259	
Pop4	0.244	0.292	0.366	0.424	
Pop5	0.381	0.294	0.174	0.232	0.392	
CV error (K=6): 0.42697
Writing output files.
