****                   ADMIXTURE Version 1.3.0                  ****
****                    Copyright 2008-2015                     ****
****           David Alexander, Suyash Shringarpure,            ****
****                John  Novembre, Ken Lange                   ****
****                                                            ****
****                 Please cite our paper!                     ****
****   Information at www.genetics.ucla.edu/software/admixture  ****

Cross-validation will be performed.  Folds=5.
Random seed: 43
Point estimation method: Block relaxation algorithm
Convergence acceleration algorithm: QuasiNewton, 3 secant conditions
Point estimation will terminate when objective function delta < 0.0001
Estimation of standard errors disabled; will compute point estimates only.
Size of G: 98x27163
Performing five EM steps to prime main algorithm
1 (EM) 	Elapsed: 0.359	Loglikelihood: -2.23966e+06	(delta): 1.45289e+06
2 (EM) 	Elapsed: 0.358	Loglikelihood: -2.14898e+06	(delta): 90677.9
3 (EM) 	Elapsed: 0.358	Loglikelihood: -2.12432e+06	(delta): 24653
4 (EM) 	Elapsed: 0.359	Loglikelihood: -2.10726e+06	(delta): 17067.4
5 (EM) 	Elapsed: 0.358	Loglikelihood: -2.09229e+06	(delta): 14966.2
Initial loglikelihood: -2.09229e+06
Starting main algorithm
1 (QN/Block) 	Elapsed: 0.857	Loglikelihood: -1.78833e+06	(delta): 303957
2 (QN/Block) 	Elapsed: 0.855	Loglikelihood: -1.71438e+06	(delta): 73950.1
3 (QN/Block) 	Elapsed: 0.929	Loglikelihood: -1.68531e+06	(delta): 29073.1
4 (QN/Block) 	Elapsed: 1.021	Loglikelihood: -1.67095e+06	(delta): 14362.4
5 (QN/Block) 	Elapsed: 0.951	Loglikelihood: -1.66428e+06	(delta): 6671.84
6 (QN/Block) 	Elapsed: 0.982	Loglikelihood: -1.66166e+06	(delta): 2617.35
7 (QN/Block) 	Elapsed: 1.013	Loglikelihood: -1.66047e+06	(delta): 1187.27
8 (QN/Block) 	Elapsed: 0.916	Loglikelihood: -1.66014e+06	(delta): 335.563
9 (QN/Block) 	Elapsed: 0.918	Loglikelihood: -1.65998e+06	(delta): 153.526
10 (QN/Block) 	Elapsed: 0.948	Loglikelihood: -1.65962e+06	(delta): 367.385
11 (QN/Block) 	Elapsed: 0.98	Loglikelihood: -1.65919e+06	(delta): 428.759
12 (QN/Block) 	Elapsed: 0.98	Loglikelihood: -1.6591e+06	(delta): 86.887
13 (QN/Block) 	Elapsed: 0.947	Loglikelihood: -1.65908e+06	(delta): 20.6953
14 (QN/Block) 	Elapsed: 0.918	Loglikelihood: -1.65907e+06	(delta): 8.5107
15 (QN/Block) 	Elapsed: 0.916	Loglikelihood: -1.65907e+06	(delta): 3.28212
16 (QN/Block) 	Elapsed: 0.917	Loglikelihood: -1.65907e+06	(delta): 1.35503
17 (QN/Block) 	Elapsed: 0.917	Loglikelihood: -1.65907e+06	(delta): 0.644984
18 (QN/Block) 	Elapsed: 0.916	Loglikelihood: -1.65906e+06	(delta): 0.338873
19 (QN/Block) 	Elapsed: 1.013	Loglikelihood: -1.65906e+06	(delta): 0.0309135
20 (QN/Block) 	Elapsed: 0.916	Loglikelihood: -1.65906e+06	(delta): 0.0115758
21 (QN/Block) 	Elapsed: 0.918	Loglikelihood: -1.65906e+06	(delta): 0.00192639
22 (QN/Block) 	Elapsed: 0.915	Loglikelihood: -1.65906e+06	(delta): 0.000222281
23 (QN/Block) 	Elapsed: 0.916	Loglikelihood: -1.65906e+06	(delta): 2.8101e-05
Summary: 
Converged in 23 iterations (24.338 sec)
Loglikelihood: -1659064.844814
Fst divergences between estimated populations: 
	Pop0	Pop1	Pop2	Pop3	Pop4	Pop5	
Pop0	
Pop1	0.238	
Pop2	0.293	0.209	
Pop3	0.295	0.341	0.402	
Pop4	0.360	0.400	0.458	0.233	
Pop5	0.250	0.323	0.392	0.158	0.248	
Pop6	0.241	0.229	0.266	0.314	0.376	0.298	
CV error (K=7): 0.44243
Writing output files.
