****                   ADMIXTURE Version 1.3.0                  ****
****                    Copyright 2008-2015                     ****
****           David Alexander, Suyash Shringarpure,            ****
****                John  Novembre, Ken Lange                   ****
****                                                            ****
****                 Please cite our paper!                     ****
****   Information at www.genetics.ucla.edu/software/admixture  ****

Cross-validation will be performed.  Folds=5.
Random seed: 43
Point estimation method: Block relaxation algorithm
Convergence acceleration algorithm: QuasiNewton, 3 secant conditions
Point estimation will terminate when objective function delta < 0.0001
Estimation of standard errors disabled; will compute point estimates only.
Size of G: 98x27163
Performing five EM steps to prime main algorithm
1 (EM) 	Elapsed: 0.43	Loglikelihood: -2.23542e+06	(delta): 1.42652e+06
2 (EM) 	Elapsed: 0.43	Loglikelihood: -2.14417e+06	(delta): 91253.2
3 (EM) 	Elapsed: 0.429	Loglikelihood: -2.1195e+06	(delta): 24664.8
4 (EM) 	Elapsed: 0.429	Loglikelihood: -2.10188e+06	(delta): 17625.5
5 (EM) 	Elapsed: 0.429	Loglikelihood: -2.08589e+06	(delta): 15986.6
Initial loglikelihood: -2.08589e+06
Starting main algorithm
1 (QN/Block) 	Elapsed: 1.022	Loglikelihood: -1.76135e+06	(delta): 324545
2 (QN/Block) 	Elapsed: 1.017	Loglikelihood: -1.69564e+06	(delta): 65706.2
3 (QN/Block) 	Elapsed: 1.113	Loglikelihood: -1.67022e+06	(delta): 25419
4 (QN/Block) 	Elapsed: 1.111	Loglikelihood: -1.65332e+06	(delta): 16899.5
5 (QN/Block) 	Elapsed: 1.099	Loglikelihood: -1.64583e+06	(delta): 7498.29
6 (QN/Block) 	Elapsed: 1.098	Loglikelihood: -1.6418e+06	(delta): 4021.41
7 (QN/Block) 	Elapsed: 1.094	Loglikelihood: -1.63976e+06	(delta): 2048.54
8 (QN/Block) 	Elapsed: 1.131	Loglikelihood: -1.63877e+06	(delta): 987.943
9 (QN/Block) 	Elapsed: 1.132	Loglikelihood: -1.63808e+06	(delta): 691.917
10 (QN/Block) 	Elapsed: 1.09	Loglikelihood: -1.63764e+06	(delta): 437.054
11 (QN/Block) 	Elapsed: 1.101	Loglikelihood: -1.63745e+06	(delta): 184.945
12 (QN/Block) 	Elapsed: 1.089	Loglikelihood: -1.63732e+06	(delta): 133.516
13 (QN/Block) 	Elapsed: 1.194	Loglikelihood: -1.63711e+06	(delta): 210.341
14 (QN/Block) 	Elapsed: 1.125	Loglikelihood: -1.63679e+06	(delta): 321.11
15 (QN/Block) 	Elapsed: 1.1	Loglikelihood: -1.63623e+06	(delta): 561.596
16 (QN/Block) 	Elapsed: 1.206	Loglikelihood: -1.63549e+06	(delta): 735.087
17 (QN/Block) 	Elapsed: 1.125	Loglikelihood: -1.63521e+06	(delta): 286.283
18 (QN/Block) 	Elapsed: 1.093	Loglikelihood: -1.63511e+06	(delta): 99.3739
19 (QN/Block) 	Elapsed: 1.092	Loglikelihood: -1.63509e+06	(delta): 19.596
20 (QN/Block) 	Elapsed: 1.09	Loglikelihood: -1.63507e+06	(delta): 11.8907
21 (QN/Block) 	Elapsed: 1.2	Loglikelihood: -1.63506e+06	(delta): 9.61246
22 (QN/Block) 	Elapsed: 1.197	Loglikelihood: -1.63505e+06	(delta): 14.1829
23 (QN/Block) 	Elapsed: 1.202	Loglikelihood: -1.63503e+06	(delta): 18.7587
24 (QN/Block) 	Elapsed: 1.194	Loglikelihood: -1.63501e+06	(delta): 23.7525
25 (QN/Block) 	Elapsed: 1.195	Loglikelihood: -1.63498e+06	(delta): 31.8413
26 (QN/Block) 	Elapsed: 1.212	Loglikelihood: -1.63493e+06	(delta): 43.9456
27 (QN/Block) 	Elapsed: 1.208	Loglikelihood: -1.63486e+06	(delta): 69.117
28 (QN/Block) 	Elapsed: 1.16	Loglikelihood: -1.63476e+06	(delta): 104.419
29 (QN/Block) 	Elapsed: 1.16	Loglikelihood: -1.63451e+06	(delta): 245.878
30 (QN/Block) 	Elapsed: 1.204	Loglikelihood: -1.63433e+06	(delta): 181.401
31 (QN/Block) 	Elapsed: 1.102	Loglikelihood: -1.63422e+06	(delta): 112.92
32 (QN/Block) 	Elapsed: 1.091	Loglikelihood: -1.63419e+06	(delta): 33.2944
33 (QN/Block) 	Elapsed: 1.089	Loglikelihood: -1.63417e+06	(delta): 10.4226
34 (QN/Block) 	Elapsed: 1.101	Loglikelihood: -1.63417e+06	(delta): 2.94367
35 (QN/Block) 	Elapsed: 1.1	Loglikelihood: -1.63417e+06	(delta): 1.38461
36 (QN/Block) 	Elapsed: 1.093	Loglikelihood: -1.63417e+06	(delta): 0.934937
37 (QN/Block) 	Elapsed: 1.091	Loglikelihood: -1.63417e+06	(delta): 0.846012
38 (QN/Block) 	Elapsed: 1.091	Loglikelihood: -1.63417e+06	(delta): 2.64468
39 (QN/Block) 	Elapsed: 1.125	Loglikelihood: -1.63416e+06	(delta): 2.4254
40 (QN/Block) 	Elapsed: 1.125	Loglikelihood: -1.63416e+06	(delta): 1.43104
41 (QN/Block) 	Elapsed: 1.093	Loglikelihood: -1.63416e+06	(delta): 0.557446
42 (QN/Block) 	Elapsed: 1.089	Loglikelihood: -1.63416e+06	(delta): 0.4498
43 (QN/Block) 	Elapsed: 1.113	Loglikelihood: -1.63416e+06	(delta): 0.133708
44 (QN/Block) 	Elapsed: 1.095	Loglikelihood: -1.63416e+06	(delta): 0.0387365
45 (QN/Block) 	Elapsed: 1.093	Loglikelihood: -1.63416e+06	(delta): 0.0207421
46 (QN/Block) 	Elapsed: 1.104	Loglikelihood: -1.63416e+06	(delta): 0.0153608
47 (QN/Block) 	Elapsed: 1.109	Loglikelihood: -1.63416e+06	(delta): 0.00672818
48 (QN/Block) 	Elapsed: 1.095	Loglikelihood: -1.63416e+06	(delta): 0.00270526
49 (QN/Block) 	Elapsed: 1.103	Loglikelihood: -1.63416e+06	(delta): 0.00116662
50 (QN/Block) 	Elapsed: 1.111	Loglikelihood: -1.63416e+06	(delta): 0.00113763
51 (QN/Block) 	Elapsed: 1.102	Loglikelihood: -1.63416e+06	(delta): 0.00021645
52 (QN/Block) 	Elapsed: 1.094	Loglikelihood: -1.63416e+06	(delta): 0.000128043
53 (QN/Block) 	Elapsed: 1.093	Loglikelihood: -1.63416e+06	(delta): 3.1577e-05
Summary: 
Converged in 53 iterations (63.641 sec)
Loglikelihood: -1634161.155590
Fst divergences between estimated populations: 
	Pop0	Pop1	Pop2	Pop3	Pop4	Pop5	Pop6	
Pop0	
Pop1	0.309	
Pop2	0.397	0.395	
Pop3	0.299	0.287	0.386	
Pop4	0.351	0.333	0.246	0.321	
Pop5	0.357	0.381	0.280	0.367	0.160	
Pop6	0.346	0.298	0.277	0.304	0.200	0.241	
Pop7	0.304	0.277	0.454	0.302	0.408	0.434	0.391	
CV error (K=8): 0.45079
Writing output files.
